C:\Program Files (x86)\MSBuild\Microsoft.Cpp\v4.0\V140\Microsoft.CppBuild.targets(368,5): warning MSB8004: Output Directory does not end with a trailing slash.  This build instance will add the slash as it is required to allow proper evaluation of the Output Directory.
C:\Program Files (x86)\MSBuild\Microsoft.Cpp\v4.0\V140\Microsoft.CppBuild.targets(392,5): warning MSB8028: The intermediate directory (Release\) contains files shared from another project (v_repExtNeedleInsertion.vcxproj).  This can lead to incorrect clean and rebuild behavior.
  v_repExtPluginSkeleton.cpp
v_repExtPluginSkeleton.cpp(81): warning C4305: 'initializing': truncation from 'double' to 'float'
v_repExtPluginSkeleton.cpp(84): warning C4305: 'initializing': truncation from 'double' to 'float'
v_repExtPluginSkeleton.cpp(85): warning C4305: 'initializing': truncation from 'double' to 'float'
v_repExtPluginSkeleton.cpp(86): warning C4305: 'initializing': truncation from 'double' to 'float'
v_repExtPluginSkeleton.cpp(87): warning C4305: 'initializing': truncation from 'double' to 'float'
v_repExtPluginSkeleton.cpp(88): warning C4305: 'initializing': truncation from 'double' to 'float'
v_repExtPluginSkeleton.cpp(89): warning C4305: 'initializing': truncation from 'double' to 'float'
v_repExtPluginSkeleton.cpp(90): warning C4305: 'initializing': truncation from 'double' to 'float'
v_repExtPluginSkeleton.cpp(99): warning C4305: 'initializing': truncation from 'double' to 'float'
v_repExtPluginSkeleton.cpp(230): warning C4244: '=': conversion from 'int' to 'float', possible loss of data
v_repExtPluginSkeleton.cpp(297): warning C4003: not enough actual parameters for macro 'strConCat'
v_repExtPluginSkeleton.cpp(661): warning C4804: '>': unsafe use of type 'bool' in operation
v_repExtPluginSkeleton.cpp(691): warning C4244: '=': conversion from 'double' to 'float', possible loss of data
v_repExtPluginSkeleton.cpp(812): warning C4305: 'return': truncation from 'double' to 'float'
v_repExtPluginSkeleton.cpp(817): warning C4305: 'return': truncation from 'double' to 'float'
v_repExtPluginSkeleton.cpp(821): warning C4305: 'return': truncation from 'double' to 'float'
v_repExtPluginSkeleton.cpp(829): warning C4305: 'return': truncation from 'double' to 'float'
     Creating library ..\..\v_repExtPluginSkeleton.lib and object ..\..\v_repExtPluginSkeleton.exp
  Generating code
  12 of 1491 functions ( 0.8%) were compiled, the rest were copied from previous compilation.
    0 functions were new in current compilation
    20 functions had inline decision re-evaluated but remain unchanged
  Finished generating code
  v_repExtPluginSkeleton.vcxproj -> C:\Program Files (x86)\V-REP3\V-REP_PRO_EDU\programming\v_repExtPluginSkeleton\..\..\v_repExtPluginSkeleton.dll
  v_repExtPluginSkeleton.vcxproj -> ..\..\v_repExtPluginSkeleton.pdb (Full PDB)
